生成启动时间为 2016/5/26 16:51:12。
     1>项目“G:\BaiduDuYunShare\百度云同步盘\C++\C++程序设计(郑莉 第4版)\CPPV4例题_Windows\Chapter9\9_5_6_7\9_5_6_7.vcxproj”在节点 7 上(Rebuild 个目标)。
     1>ClCompile:
         C:\Program Files (x86)\Microsoft Visual Studio 12.0\VC\bin\CL.exe /c /ZI /nologo /W3 /WX- /Od /Oy- /D WIN32 /D _DEBUG /D _CONSOLE /D _UNICODE /D UNICODE /Gm /EHsc /RTC1 /MDd /GS /fp:precise /Zc:wchar_t /Zc:forScope /Fo"Debug\\" /Fd"Debug\vc120.pdb" /Gd /TP /analyze- /errorReport:prompt 9_7.cpp
         9_7.cpp
       Link:
         C:\Program Files (x86)\Microsoft Visual Studio 12.0\VC\bin\link.exe /ERRORREPORT:PROMPT /OUT:"G:\BaiduDuYunShare\百度云同步盘\C++\C++程序设计(郑莉 第4版)\CPPV4例题_Windows\Chapter9\Debug\9_5_6_7.exe" /INCREMENTAL /NOLOGO kernel32.lib user32.lib gdi32.lib winspool.lib comdlg32.lib advapi32.lib shell32.lib ole32.lib oleaut32.lib uuid.lib odbc32.lib odbccp32.lib /MANIFEST /MANIFESTUAC:"level='asInvoker' uiAccess='false'" /manifest:embed /DEBUG /PDB:"G:\BaiduDuYunShare\百度云同步盘\C++\C++程序设计(郑莉 第4版)\CPPV4例题_Windows\Chapter9\Debug\9_5_6_7.pdb" /SUBSYSTEM:CONSOLE /TLBID:1 /DYNAMICBASE /NXCOMPAT /IMPLIB:"G:\BaiduDuYunShare\百度云同步盘\C++\C++程序设计(郑莉 第4版)\CPPV4例题_Windows\Chapter9\Debug\9_5_6_7.lib" /MACHINE:X86 /SAFESEH Debug\9_7.obj
     1>9_7.obj : warning LNK4075: 忽略“/EDITANDCONTINUE”(由于“/SAFESEH”规范)
     1>9_7.obj : error LNK2019: 无法解析的外部符号 "public: __thiscall LinkedList<int>::LinkedList<int>(void)" (??0?$LinkedList@H@@QAE@XZ)，该符号在函数 _main 中被引用
     1>9_7.obj : error LNK2019: 无法解析的外部符号 "public: __thiscall LinkedList<int>::~LinkedList<int>(void)" (??1?$LinkedList@H@@QAE@XZ)，该符号在函数 _main 中被引用
     1>9_7.obj : error LNK2019: 无法解析的外部符号 "public: void __thiscall LinkedList<int>::reset(int)" (?reset@?$LinkedList@H@@QAEXH@Z)，该符号在函数 _main 中被引用
     1>9_7.obj : error LNK2019: 无法解析的外部符号 "public: void __thiscall LinkedList<int>::next(void)" (?next@?$LinkedList@H@@QAEXXZ)，该符号在函数 _main 中被引用
     1>9_7.obj : error LNK2019: 无法解析的外部符号 "public: bool __thiscall LinkedList<int>::endOfList(void)const " (?endOfList@?$LinkedList@H@@QBE_NXZ)，该符号在函数 _main 中被引用
     1>9_7.obj : error LNK2019: 无法解析的外部符号 "public: void __thiscall LinkedList<int>::insertFront(int const &)" (?insertFront@?$LinkedList@H@@QAEXABH@Z)，该符号在函数 _main 中被引用
     1>9_7.obj : error LNK2019: 无法解析的外部符号 "public: void __thiscall LinkedList<int>::deleteCurrent(void)" (?deleteCurrent@?$LinkedList@H@@QAEXXZ)，该符号在函数 _main 中被引用
     1>9_7.obj : error LNK2019: 无法解析的外部符号 "public: int & __thiscall LinkedList<int>::data(void)" (?data@?$LinkedList@H@@QAEAAHXZ)，该符号在函数 _main 中被引用
     1>G:\BaiduDuYunShare\百度云同步盘\C++\C++程序设计(郑莉 第4版)\CPPV4例题_Windows\Chapter9\Debug\9_5_6_7.exe : fatal error LNK1120: 8 个无法解析的外部命令
     1>已完成生成项目“G:\BaiduDuYunShare\百度云同步盘\C++\C++程序设计(郑莉 第4版)\CPPV4例题_Windows\Chapter9\9_5_6_7\9_5_6_7.vcxproj”(Rebuild 个目标)的操作 - 失败。

生成失败。

已用时间 00:00:02.98
